f:\yey\work\c_c++code\scratch_mask\debug\vc143.pdb
f:\yey\work\c_c++code\scratch_mask\debug\vc143.idb
f:\yey\work\c_c++code\scratch_mask\debug\test.obj
f:\yey\work\c_c++code\scratch_mask\debug\imageoperation.obj
f:\yey\work\c_c++code\scratch_mask\debug\cnn_paramaters.obj
f:\yey\work\c_c++code\scratch_mask\debug\cnn_function.obj
f:\yey\work\c_c++code\scratch_mask\debug\cnn_arm_neon.obj
f:\yey\work\c_c++code\scratch_mask\debug\cnn_block.obj
f:\yey\work\c_c++code\scratch_mask\debug\scratch_mask.exp
f:\yey\work\c_c++code\scratch_mask\debug\scratch_mask.pdb
f:\yey\work\c_c++code\scratch_mask\debug\scratch_mask.tlog\cl.command.1.tlog
f:\yey\work\c_c++code\scratch_mask\debug\scratch_mask.tlog\cl.read.1.tlog
f:\yey\work\c_c++code\scratch_mask\debug\scratch_mask.tlog\cl.write.1.tlog
f:\yey\work\c_c++code\scratch_mask\debug\scratch_mask.tlog\link-cvtres.read.1.tlog
f:\yey\work\c_c++code\scratch_mask\debug\scratch_mask.tlog\link-cvtres.write.1.tlog
f:\yey\work\c_c++code\scratch_mask\debug\scratch_mask.tlog\link-rc.read.1.tlog
f:\yey\work\c_c++code\scratch_mask\debug\scratch_mask.tlog\link-rc.write.1.tlog
f:\yey\work\c_c++code\scratch_mask\debug\scratch_mask.tlog\link.command.1.tlog
f:\yey\work\c_c++code\scratch_mask\debug\scratch_mask.tlog\link.read.1.tlog
f:\yey\work\c_c++code\scratch_mask\debug\scratch_mask.tlog\link.write.1.tlog
